<?xml version="1.0" encoding="UTF-8"?>
<testsuite xmlns:xsi="http://www.w3.org/2001/XMLSchema-instance" xsi:noNamespaceSchemaLocation="https://maven.apache.org/surefire/maven-surefire-plugin/xsd/surefire-test-report.xsd" version="3.0.2" name="com.entorno.E_Commerce_Project.ECommerceProjectApplicationTests" time="7.865" tests="1" errors="0" skipped="0" failures="0">
  <properties>
[...]
</properties>
  <testcase name="contextLoads" classname="com.entorno.E_Commerce_Project.ECommerceProjectApplicationTests" time="1.486">
    <system-out><![CDATA[09:43:33.579 [main] INFO org.springframework.test.context.support.AnnotationConfigContextLoaderUtils -- Could not detect default configuration classes for test class [com.entorno.E_Commerce_Project.ECommerceProjectApplicationTests]: ECommerceProjectApplicationTests does not declare any static, non-private, non-final, nested classes annotated with @Configuration.
09:43:33.773 [main] INFO org.springframework.boot.test.context.SpringBootTestContextBootstrapper -- Found @SpringBootConfiguration com.entorno.E_Commerce_Project.ECommerceProjectApplication for test class com.entorno.E_Commerce_Project.ECommerceProjectApplicationTests
09:43:34.046 [main] INFO org.springframework.boot.devtools.restart.RestartApplicationListener -- Restart disabled due to context in which it is running

  .   ____          _            __ _ _
 /\\ / ___'_ __ _ _(_)_ __  __ _ \ \ \ \
( ( )\___ | '_ | '_| | '_ \/ _` | \ \ \ \
 \\/  ___)| |_)| | | | | || (_| |  ) ) ) )
  '  |____| .__|_| |_|_| |_\__, | / / / /
 =========|_|==============|___/=/_/_/_/

 :: Spring Boot ::                (v3.4.0)

2024-12-10T09:43:34.644-05:00  INFO 5380 --- [E-Commerce_Project] [           main] c.e.E.ECommerceProjectApplicationTests   : Starting ECommerceProjectApplicationTests using Java 23.0.1 with PID 5380 (started by Cristian in C:\Users\Cristian\Documents\GitHub\E-Commerce_Project\E-Commerce_Project)
2024-12-10T09:43:34.647-05:00  INFO 5380 --- [E-Commerce_Project] [           main] c.e.E.ECommerceProjectApplicationTests   : No active profile set, falling back to 1 default profile: "default"
2024-12-10T09:43:36.319-05:00  INFO 5380 --- [E-Commerce_Project] [           main] .s.d.r.c.RepositoryConfigurationDelegate : Bootstrapping Spring Data MongoDB repositories in DEFAULT mode.
2024-12-10T09:43:36.452-05:00  INFO 5380 --- [E-Commerce_Project] [           main] .s.d.r.c.RepositoryConfigurationDelegate : Finished Spring Data repository scanning in 119 ms. Found 5 MongoDB repository interfaces.
2024-12-10T09:43:37.333-05:00  INFO 5380 --- [E-Commerce_Project] [zrh.mongodb.net] org.mongodb.driver.cluster               : Adding discovered server cluster0-shard-00-02.adzrh.mongodb.net:27017 to client view of cluster
2024-12-10T09:43:37.402-05:00  INFO 5380 --- [E-Commerce_Project] [           main] org.mongodb.driver.client                : MongoClient with metadata {"driver": {"name": "mongo-java-driver|sync|spring-boot", "version": "5.2.1"}, "os": {"type": "Windows", "name": "Windows 11", "architecture": "amd64", "version": "10.0"}, "platform": "Java/Oracle Corporation/23.0.1+11-39"} created with settings MongoClientSettings{readPreference=primary, writeConcern=WriteConcern{w=majority, wTimeout=null ms, journal=null}, retryWrites=true, retryReads=true, readConcern=ReadConcern{level=null}, credential=MongoCredential{mechanism=null, userName='danfigueroa', source='admin', password=<hidden>, mechanismProperties=<hidden>}, transportSettings=null, commandListeners=[], codecRegistry=ProvidersCodecRegistry{codecProviders=[ValueCodecProvider{}, BsonValueCodecProvider{}, DBRefCodecProvider{}, DBObjectCodecProvider{}, DocumentCodecProvider{}, CollectionCodecProvider{}, IterableCodecProvider{}, MapCodecProvider{}, GeoJsonCodecProvider{}, GridFSFileCodecProvider{}, Jsr310CodecProvider{}, JsonObjectCodecProvider{}, BsonCodecProvider{}, EnumCodecProvider{}, com.mongodb.client.model.mql.ExpressionCodecProvider@5995851e, com.mongodb.Jep395RecordCodecProvider@48a2db72, com.mongodb.KotlinCodecProvider@51bddd98]}, loggerSettings=LoggerSettings{maxDocumentLength=1000}, clusterSettings={hosts=[127.0.0.1:27017], srvHost=cluster0.adzrh.mongodb.net, srvServiceName=mongodb, mode=MULTIPLE, requiredClusterType=REPLICA_SET, requiredReplicaSetName='atlas-mamkj0-shard-0', serverSelector='null', clusterListeners='[]', serverSelectionTimeout='30000 ms', localThreshold='15 ms'}, socketSettings=SocketSettings{connectTimeoutMS=10000, readTimeoutMS=0, receiveBufferSize=0, proxySettings=ProxySettings{host=null, port=null, username=null, password=null}}, heartbeatSocketSettings=SocketSettings{connectTimeoutMS=10000, readTimeoutMS=10000, receiveBufferSize=0, proxySettings=ProxySettings{host=null, port=null, username=null, password=null}}, connectionPoolSettings=ConnectionPoolSettings{maxSize=100, minSize=0, maxWaitTimeMS=120000, maxConnectionLifeTimeMS=0, maxConnectionIdleTimeMS=0, maintenanceInitialDelayMS=0, maintenanceFrequencyMS=60000, connectionPoolListeners=[], maxConnecting=2}, serverSettings=ServerSettings{heartbeatFrequencyMS=10000, minHeartbeatFrequencyMS=500, serverMonitoringMode=AUTO, serverListeners='[]', serverMonitorListeners='[]'}, sslSettings=SslSettings{enabled=true, invalidHostNameAllowed=false, context=null}, applicationName='null', compressorList=[], uuidRepresentation=JAVA_LEGACY, serverApi=null, autoEncryptionSettings=null, dnsClient=null, inetAddressResolver=null, contextProvider=null, timeoutMS=null}
2024-12-10T09:43:37.415-05:00  INFO 5380 --- [E-Commerce_Project] [zrh.mongodb.net] org.mongodb.driver.cluster               : Adding discovered server cluster0-shard-00-00.adzrh.mongodb.net:27017 to client view of cluster
2024-12-10T09:43:37.419-05:00  INFO 5380 --- [E-Commerce_Project] [zrh.mongodb.net] org.mongodb.driver.cluster               : Adding discovered server cluster0-shard-00-01.adzrh.mongodb.net:27017 to client view of cluster
2024-12-10T09:43:38.645-05:00  INFO 5380 --- [E-Commerce_Project] [ngodb.net:27017] org.mongodb.driver.cluster               : Monitor thread successfully connected to server with description ServerDescription{address=cluster0-shard-00-01.adzrh.mongodb.net:27017, type=REPLICA_SET_SECONDARY, cryptd=false, state=CONNECTED, ok=true, minWireVersion=0, maxWireVersion=25, maxDocumentSize=16777216, logicalSessionTimeoutMinutes=30, roundTripTimeNanos=720354900, minRoundTripTimeNanos=0, setName='atlas-mamkj0-shard-0', canonicalAddress=cluster0-shard-00-01.adzrh.mongodb.net:27017, hosts=[cluster0-shard-00-02.adzrh.mongodb.net:27017, cluster0-shard-00-00.adzrh.mongodb.net:27017, cluster0-shard-00-01.adzrh.mongodb.net:27017], passives=[], arbiters=[], primary='cluster0-shard-00-02.adzrh.mongodb.net:27017', tagSet=TagSet{[Tag{name='availabilityZone', value='use1-az4'}, Tag{name='diskState', value='READY'}, Tag{name='nodeType', value='ELECTABLE'}, Tag{name='provider', value='AWS'}, Tag{name='region', value='US_EAST_1'}, Tag{name='workloadType', value='OPERATIONAL'}]}, electionId=null, setVersion=283, topologyVersion=TopologyVersion{processId=67501b9f9dae11afb625ff69, counter=3}, lastWriteDate=Tue Dec 10 09:43:37 GMT-05:00 2024, lastUpdateTimeNanos=306520281862300}
2024-12-10T09:43:38.645-05:00  INFO 5380 --- [E-Commerce_Project] [ngodb.net:27017] org.mongodb.driver.cluster               : Monitor thread successfully connected to server with description ServerDescription{address=cluster0-shard-00-02.adzrh.mongodb.net:27017, type=REPLICA_SET_PRIMARY, cryptd=false, state=CONNECTED, ok=true, minWireVersion=0, maxWireVersion=25, maxDocumentSize=16777216, logicalSessionTimeoutMinutes=30, roundTripTimeNanos=720305300, minRoundTripTimeNanos=0, setName='atlas-mamkj0-shard-0', canonicalAddress=cluster0-shard-00-02.adzrh.mongodb.net:27017, hosts=[cluster0-shard-00-02.adzrh.mongodb.net:27017, cluster0-shard-00-00.adzrh.mongodb.net:27017, cluster0-shard-00-01.adzrh.mongodb.net:27017], passives=[], arbiters=[], primary='cluster0-shard-00-02.adzrh.mongodb.net:27017', tagSet=TagSet{[Tag{name='availabilityZone', value='use1-az6'}, Tag{name='diskState', value='READY'}, Tag{name='nodeType', value='ELECTABLE'}, Tag{name='provider', value='AWS'}, Tag{name='region', value='US_EAST_1'}, Tag{name='workloadType', value='OPERATIONAL'}]}, electionId=7fffffff00000000000001c9, setVersion=283, topologyVersion=TopologyVersion{processId=67501a084583861bac5c327e, counter=6}, lastWriteDate=Tue Dec 10 09:43:37 GMT-05:00 2024, lastUpdateTimeNanos=306520281862300}
2024-12-10T09:43:38.646-05:00  INFO 5380 --- [E-Commerce_Project] [ngodb.net:27017] org.mongodb.driver.cluster               : Monitor thread successfully connected to server with description ServerDescription{address=cluster0-shard-00-00.adzrh.mongodb.net:27017, type=REPLICA_SET_SECONDARY, cryptd=false, state=CONNECTED, ok=true, minWireVersion=0, maxWireVersion=25, maxDocumentSize=16777216, logicalSessionTimeoutMinutes=30, roundTripTimeNanos=720286100, minRoundTripTimeNanos=0, setName='atlas-mamkj0-shard-0', canonicalAddress=cluster0-shard-00-00.adzrh.mongodb.net:27017, hosts=[cluster0-shard-00-02.adzrh.mongodb.net:27017, cluster0-shard-00-00.adzrh.mongodb.net:27017, cluster0-shard-00-01.adzrh.mongodb.net:27017], passives=[], arbiters=[], primary='cluster0-shard-00-02.adzrh.mongodb.net:27017', tagSet=TagSet{[Tag{name='availabilityZone', value='use1-az2'}, Tag{name='diskState', value='READY'}, Tag{name='nodeType', value='ELECTABLE'}, Tag{name='provider', value='AWS'}, Tag{name='region', value='US_EAST_1'}, Tag{name='workloadType', value='OPERATIONAL'}]}, electionId=null, setVersion=283, topologyVersion=TopologyVersion{processId=67501ac428423bf153220d85, counter=4}, lastWriteDate=Tue Dec 10 09:43:37 GMT-05:00 2024, lastUpdateTimeNanos=306520281867500}
2024-12-10T09:43:38.652-05:00  INFO 5380 --- [E-Commerce_Project] [ngodb.net:27017] org.mongodb.driver.cluster               : Discovered replica set primary cluster0-shard-00-02.adzrh.mongodb.net:27017 with max election id 7fffffff00000000000001c9 and max set version 283
2024-12-10T09:43:39.600-05:00  INFO 5380 --- [E-Commerce_Project] [           main] c.e.E.ECommerceProjectApplicationTests   : Started ECommerceProjectApplicationTests in 5.579 seconds (process running for 7.623)
]]></system-out>
    <system-err><![CDATA[Mockito is currently self-attaching to enable the inline-mock-maker. This will no longer work in future releases of the JDK. Please add Mockito as an agent to your build what is described in Mockito's documentation: https://javadoc.io/doc/org.mockito/mockito-core/latest/org/mockito/Mockito.html#0.3
WARNING: A Java agent has been loaded dynamically (C:\Users\Cristian\.m2\repository\net\bytebuddy\byte-buddy-agent\1.15.10\byte-buddy-agent-1.15.10.jar)
WARNING: If a serviceability tool is in use, please run with -XX:+EnableDynamicAgentLoading to hide this warning
WARNING: If a serviceability tool is not in use, please run with -Djdk.instrument.traceUsage for more information
WARNING: Dynamic loading of agents will be disallowed by default in a future release
]]></system-err>
  </testcase>
</testsuite>